0 info it worked if it ends with ok
1 verbose cli [ '/usr/bin/nodejs',
1 verbose cli   '/usr/bin/npm',
1 verbose cli   'install',
1 verbose cli   '@alber7rp/ull-shape-alu0100825510' ]
2 info using npm@3.5.2
3 info using node@v4.2.6
4 silly loadCurrentTree Starting
5 silly install loadCurrentTree
6 silly install readLocalPackageData
7 silly fetchPackageMetaData @alber7rp/ull-shape-alu0100825510
8 silly fetchNamedPackageData @alber7rp/ull-shape-alu0100825510
9 silly mapToRegistry name @alber7rp/ull-shape-alu0100825510
10 silly mapToRegistry scope (from package name) @alber7rp
11 verbose mapToRegistry no registry URL found in name for scope @alber7rp
12 silly mapToRegistry using default registry
13 silly mapToRegistry registry https://registry.npmjs.org/
14 silly mapToRegistry uri https://registry.npmjs.org/@alber7rp%2full-shape-alu0100825510
15 verbose request uri https://registry.npmjs.org/@alber7rp%2full-shape-alu0100825510
16 verbose request no auth needed
17 info attempt registry request try #1 at 11:19:08
18 verbose request using bearer token for auth
19 verbose request id b5c4d891f3aa3b92
20 verbose etag W/"59006f7f-fdb"
21 verbose lastModified Wed, 26 Apr 2017 09:59:27 GMT
22 http request GET https://registry.npmjs.org/@alber7rp%2full-shape-alu0100825510
23 http 304 https://registry.npmjs.org/@alber7rp%2full-shape-alu0100825510
24 verbose headers { server: 'nginx/1.10.1',
24 verbose headers   'last-modified': 'Wed, 26 Apr 2017 09:59:27 GMT',
24 verbose headers   etag: '"59006f7f-fdb"',
24 verbose headers   'cache-control': 'max-age=0',
24 verbose headers   'accept-ranges': 'bytes',
24 verbose headers   date: 'Wed, 26 Apr 2017 10:19:10 GMT',
24 verbose headers   via: '1.1 varnish',
24 verbose headers   connection: 'keep-alive',
24 verbose headers   'x-served-by': 'cache-mad9431-MAD',
24 verbose headers   'x-cache': 'MISS',
24 verbose headers   'x-cache-hits': '0',
24 verbose headers   'x-timer': 'S1493201949.897153,VS0,VE1279' }
25 silly get cb [ 304,
25 silly get   { server: 'nginx/1.10.1',
25 silly get     'last-modified': 'Wed, 26 Apr 2017 09:59:27 GMT',
25 silly get     etag: '"59006f7f-fdb"',
25 silly get     'cache-control': 'max-age=0',
25 silly get     'accept-ranges': 'bytes',
25 silly get     date: 'Wed, 26 Apr 2017 10:19:10 GMT',
25 silly get     via: '1.1 varnish',
25 silly get     connection: 'keep-alive',
25 silly get     'x-served-by': 'cache-mad9431-MAD',
25 silly get     'x-cache': 'MISS',
25 silly get     'x-cache-hits': '0',
25 silly get     'x-timer': 'S1493201949.897153,VS0,VE1279' } ]
26 verbose etag https://registry.npmjs.org/@alber7rp%2full-shape-alu0100825510 from cache
27 verbose get saving @alber7rp/ull-shape-alu0100825510 to /home/alber7rp/.npm/registry.npmjs.org/_40alber7rp_252full-shape-alu0100825510/.cache.json
28 silly install normalizeTree
29 silly loadCurrentTree Finishing
30 silly loadIdealTree Starting
31 silly install loadIdealTree
32 silly cloneCurrentTree Starting
33 silly install cloneCurrentTreeToIdealTree
34 silly cloneCurrentTree Finishing
35 silly loadShrinkwrap Starting
36 silly install loadShrinkwrap
37 silly loadShrinkwrap Finishing
38 silly loadAllDepsIntoIdealTree Starting
39 silly install loadAllDepsIntoIdealTree
40 silly rollbackFailedOptional Starting
41 silly rollbackFailedOptional Finishing
42 silly runTopLevelLifecycles Starting
43 silly runTopLevelLifecycles Finishing
44 silly install printInstalled
45 verbose stack Error: Refusing to install @alber7rp/ull-shape-alu0100825510 as a dependency of itself
45 verbose stack     at checkSelf (/usr/share/npm/lib/install/validate-args.js:40:14)
45 verbose stack     at Array.<anonymous> (/usr/share/npm/node_modules/slide/lib/bind-actor.js:15:8)
45 verbose stack     at LOOP (/usr/share/npm/node_modules/slide/lib/chain.js:15:14)
45 verbose stack     at chain (/usr/share/npm/node_modules/slide/lib/chain.js:20:5)
45 verbose stack     at /usr/share/npm/lib/install/validate-args.js:15:5
45 verbose stack     at /usr/share/npm/node_modules/slide/lib/async-map.js:52:35
45 verbose stack     at Array.forEach (native)
45 verbose stack     at /usr/share/npm/node_modules/slide/lib/async-map.js:52:11
45 verbose stack     at Array.forEach (native)
45 verbose stack     at asyncMap (/usr/share/npm/node_modules/slide/lib/async-map.js:51:8)
46 verbose cwd /home/alber7rp/Escritorio/ull-shape-alu0100825510
47 error Linux 4.4.0-75-generic
48 error argv "/usr/bin/nodejs" "/usr/bin/npm" "install" "@alber7rp/ull-shape-alu0100825510"
49 error node v4.2.6
50 error npm  v3.5.2
51 error code ENOSELF
52 error Refusing to install @alber7rp/ull-shape-alu0100825510 as a dependency of itself
53 error If you need help, you may report this error at:
53 error     <https://github.com/npm/npm/issues>
54 verbose exit [ 1, true ]
